000 (038.000.000) 2023-08-29 00:04:22 Job submitted from host: <128.105.244.60:33367?addrs=128.105.244.60-33367&alias=dumbo.chtc.wisc.edu&noUDP&sock=schedd_1544203_652a>
...
040 (038.000.000) 2023-08-29 00:04:22 Started transferring input files
	Transferring to host: <128.105.244.60:33367?addrs=128.105.244.60-33367&alias=dumbo.chtc.wisc.edu&noUDP&sock=slot1_4075647_c300_2>
...
040 (038.000.000) 2023-08-29 00:04:22 Finished transferring input files
...
001 (038.000.000) 2023-08-29 00:04:23 Job executing on host: <128.105.244.60:33367?addrs=128.105.244.60-33367&alias=dumbo.chtc.wisc.edu&noUDP&sock=startd_1544203_652a>
	SlotName: slot1@dumbo.chtc.wisc.edu
	CondorScratchDir = "/home/rrallabandi/htcontor_build/htcondor/__build/release_dir/local/execute/dir_319242"
	Cpus = 1
	Disk = 6414192
	Memory = 15845
...
006 (038.000.000) 2023-08-29 00:04:32 Image size of job updated: 4396
	1  -  MemoryUsage of job (MB)
	940  -  ResidentSetSize of job (KB)
...
040 (038.000.000) 2023-08-29 00:06:03 Started transferring output files
...
040 (038.000.000) 2023-08-29 00:06:03 Finished transferring output files
...
005 (038.000.000) 2023-08-29 00:06:03 Job terminated.
	(1) Normal termination (return value 0)
		Usr 0 00:00:00, Sys 0 00:00:00  -  Run Remote Usage
		Usr 0 00:00:00, Sys 0 00:00:00  -  Run Local Usage
		Usr 0 00:00:00, Sys 0 00:00:00  -  Total Remote Usage
		Usr 0 00:00:00, Sys 0 00:00:00  -  Total Local Usage
	0  -  Run Bytes Sent By Job
	38280  -  Run Bytes Received By Job
	0  -  Total Bytes Sent By Job
	38280  -  Total Bytes Received By Job
	Partitionable Resources :    Usage  Request Allocated 
	   Cpus                 :        0        1         1 
	   Disk (KB)            :       52     1024   6414192 
	   Memory (MB)          :        1     1024     15845 

	Job terminated of its own accord at 2023-08-29T05:06:03Z with exit-code 0.
...
